<?xml version="1.0" encoding="UTF-8"?>
<!-- Generated by org.testng.reporters.JUnitXMLReporter -->
<testsuite ignored="7" hostname="vamsiraji" failures="0" tests="1" name="Default test" time="13.879" errors="0" timestamp="2022-05-15T16:54:30 EDT">
  <testcase classname="com.automation.test.ContactsTest" name="testcase28" time="4.568"/>
  <testcase classname="com.automation.test.ContactsTest" name="testcase29" time="0.0">
    <ignored/>
  </testcase> <!-- testcase29 -->
  <testcase classname="com.automation.test.ContactsTest" name="testcase31" time="0.0">
    <ignored/>
  </testcase> <!-- testcase31 -->
  <testcase classname="com.automation.test.ContactsTest" name="testcase30" time="0.0">
    <ignored/>
  </testcase> <!-- testcase30 -->
  <testcase classname="com.automation.test.ContactsTest" name="testcase32" time="0.0">
    <ignored/>
  </testcase> <!-- testcase32 -->
  <testcase classname="com.automation.test.ContactsTest" name="testcase26" time="0.0">
    <ignored/>
  </testcase> <!-- testcase26 -->
  <testcase classname="com.automation.test.ContactsTest" name="testcase25" time="0.0">
    <ignored/>
  </testcase> <!-- testcase25 -->
  <testcase classname="com.automation.test.ContactsTest" name="testcase27" time="0.0">
    <ignored/>
  </testcase> <!-- testcase27 -->
</testsuite> <!-- Default test -->
